<?xml version="1.0" encoding="UTF-8"?>
<testng-results skipped="0" failed="0" ignored="0" total="1" passed="1">
  <reporter-output>
  </reporter-output>
  <suite name="Default suite" duration-ms="4538" started-at="2018-06-14T10:25:21Z" finished-at="2018-06-14T10:25:25Z">
    <groups>
    </groups>
    <test name="Default test" duration-ms="4538" started-at="2018-06-14T10:25:21Z" finished-at="2018-06-14T10:25:25Z">
      <class name="com.mercury.demo.tests.RegistrationTest">
        <test-method status="PASS" signature="setUp()[pri:0, instance:com.mercury.demo.tests.RegistrationTest@675d3402]" name="setUp" is-config="true" duration-ms="1332" started-at="2018-06-14T20:25:21Z" finished-at="2018-06-14T20:25:22Z">
          <reporter-output>
          </reporter-output>
        </test-method> <!-- setUp -->
        <test-method status="PASS" signature="registerAUser()[pri:0, instance:com.mercury.demo.tests.RegistrationTest@675d3402]" name="registerAUser" duration-ms="3099" started-at="2018-06-14T20:25:22Z" finished-at="2018-06-14T20:25:25Z">
          <reporter-output>
          </reporter-output>
        </test-method> <!-- registerAUser -->
        <test-method status="PASS" signature="tearDown()[pri:0, instance:com.mercury.demo.tests.RegistrationTest@675d3402]" name="tearDown" is-config="true" duration-ms="90" started-at="2018-06-14T20:25:25Z" finished-at="2018-06-14T20:25:25Z">
          <reporter-output>
          </reporter-output>
        </test-method> <!-- tearDown -->
      </class> <!-- com.mercury.demo.tests.RegistrationTest -->
    </test> <!-- Default test -->
  </suite> <!-- Default suite -->
</testng-results>
