<?xml version="1.0" encoding="UTF-8"?>
<testng-results skipped="0" failed="0" ignored="0" total="2" passed="2">
  <reporter-output>
  </reporter-output>
  <suite name="Default suite" duration-ms="12636" started-at="2018-06-18T10:20:42Z" finished-at="2018-06-18T10:20:54Z">
    <groups>
    </groups>
    <test name="Default test" duration-ms="12636" started-at="2018-06-18T10:20:42Z" finished-at="2018-06-18T10:20:54Z">
      <class name="com.mercury.demo.tests.RegistrationTest">
        <test-method status="PASS" signature="setUp()[pri:0, instance:com.mercury.demo.tests.RegistrationTest@675d3402]" name="setUp" is-config="true" duration-ms="1514" started-at="2018-06-18T20:20:42Z" finished-at="2018-06-18T20:20:43Z">
          <reporter-output>
          </reporter-output>
        </test-method> <!-- setUp -->
        <test-method status="PASS" signature="registerAUser()[pri:0, instance:com.mercury.demo.tests.RegistrationTest@675d3402]" name="registerAUser" duration-ms="5059" started-at="2018-06-18T20:20:43Z" finished-at="2018-06-18T20:20:48Z">
          <reporter-output>
          </reporter-output>
        </test-method> <!-- registerAUser -->
        <test-method status="PASS" signature="tearDown()[pri:0, instance:com.mercury.demo.tests.RegistrationTest@675d3402]" name="tearDown" is-config="true" duration-ms="82" started-at="2018-06-18T20:20:48Z" finished-at="2018-06-18T20:20:48Z">
          <reporter-output>
          </reporter-output>
        </test-method> <!-- tearDown -->
        <test-method status="PASS" signature="setUp()[pri:0, instance:com.mercury.demo.tests.RegistrationTest@675d3402]" name="setUp" is-config="true" duration-ms="557" started-at="2018-06-18T20:20:48Z" finished-at="2018-06-18T20:20:49Z">
          <reporter-output>
          </reporter-output>
        </test-method> <!-- setUp -->
        <test-method status="PASS" signature="registerAUserwithHashMap()[pri:0, instance:com.mercury.demo.tests.RegistrationTest@675d3402]" name="registerAUserwithHashMap" duration-ms="5324" started-at="2018-06-18T20:20:49Z" finished-at="2018-06-18T20:20:54Z">
          <reporter-output>
          </reporter-output>
        </test-method> <!-- registerAUserwithHashMap -->
        <test-method status="PASS" signature="tearDown()[pri:0, instance:com.mercury.demo.tests.RegistrationTest@675d3402]" name="tearDown" is-config="true" duration-ms="77" started-at="2018-06-18T20:20:54Z" finished-at="2018-06-18T20:20:54Z">
          <reporter-output>
          </reporter-output>
        </test-method> <!-- tearDown -->
      </class> <!-- com.mercury.demo.tests.RegistrationTest -->
    </test> <!-- Default test -->
  </suite> <!-- Default suite -->
</testng-results>
