<?xml version="1.0" encoding="UTF-8"?>
<!-- Generated by org.testng.reporters.JUnitXMLReporter -->
<testsuite hostname="Ceroshs-MacBook-Pro.local" ignored="0" name="Default test" tests="2" failures="0" timestamp="18 Jun 2018 10:20:54 GMT" time="12.636" errors="0">
  <testcase name="registerAUser" time="5.059" classname="com.mercury.demo.tests.RegistrationTest"/>
  <testcase name="registerAUserwithHashMap" time="5.324" classname="com.mercury.demo.tests.RegistrationTest"/>
</testsuite> <!-- Default test -->
