<?xml version="1.0" encoding="UTF-8"?>
<!-- Generated by org.testng.reporters.JUnitXMLReporter -->
<testsuite hostname="Ceroshs-MacBook-Pro.local" ignored="0" name="Default test" tests="4" failures="0" timestamp="19 Jun 2018 11:32:34 GMT" time="276.06" errors="0">
  <testcase name="registerAUser" time="39.311" classname="com.mercury.demo.tests.RegistrationTest"/>
  <testcase name="registerAUserwithHashMap" time="78.751" classname="com.mercury.demo.tests.RegistrationTest"/>
  <testcase name="registerWithArrayObject" time="94.286" classname="com.mercury.demo.tests.RegistrationTest"/>
  <testcase name="registerWithArrayObject" time="59.902" classname="com.mercury.demo.tests.RegistrationTest"/>
</testsuite> <!-- Default test -->
